This is e-pTeX, Version 3.14159265-p3.8.2-190131-2.6 (utf8.sjis) (TeX Live 2019/W32TeX) (preloaded format=platex 2019.10.16)  24 DEC 2019 02:47
entering extended mode
 restricted \write18 enabled.
 %&-line parsing enabled.
**"c:/Users/k0o4t/OneDrive - Kyoto University/大学/計算機科学実験/実験2/report4"
(c:/Users/k0o4t/OneDrive - Kyoto University/大学/計算機科学実験/実験2/report4.tex
pLaTeX2e <2019-04-06> (based on LaTeX2e <2018-12-01>)
(c:/texlive/2019/texmf-dist/tex/platex/jsclasses/jsarticle.cls
Document Class: jsarticle 2019/04/06 jsclasses (okumura, texjporg)
\jsc@mpt=\dimen118
\jsc@mmm=\dimen119
\jsc@smallskipamount=\skip41
LaTeX Info: Redefining \rmfamily on input line 466.
LaTeX Info: Redefining \sffamily on input line 469.
LaTeX Info: Redefining \ttfamily on input line 472.
LaTeX Info: Redefining \textmc on input line 476.
LaTeX Info: Redefining \textgt on input line 478.
\symmincho=\mathgroup4
LaTeX Font Info:    Overwriting symbol font `mincho' in version `bold'
(Font)                  JY1/mc/m/n --> JY1/gt/m/n on input line 540.
LaTeX Font Info:    Font shape `JT1/mc/m/n' will be
(Font)              scaled to size 9.60999pt on input line 731.
LaTeX Font Info:    Font shape `JY1/mc/m/n' will be
(Font)              scaled to size 9.60999pt on input line 731.
\fullwidth=\dimen120
LaTeX Font Info:    Font shape `JT1/mc/m/n' will be
(Font)              scaled to size 7.68799pt on input line 884.
LaTeX Font Info:    Font shape `JY1/mc/m/n' will be
(Font)              scaled to size 7.68799pt on input line 884.
\c@part=\count83
\c@section=\count84
\c@subsection=\count85
\c@subsubsection=\count86
\c@paragraph=\count87
\c@subparagraph=\count88
\@abstractbox=\box43
\c@figure=\count89
\c@table=\count90
\abovecaptionskip=\skip42
\belowcaptionskip=\skip43
\jsc@tocl@width=\dimen121
\@lnumwidth=\dimen122
\bibindent=\dimen123
(c:/texlive/2019/texmf-dist/tex/platex/jsclasses/jslogo.sty
Package: jslogo 2017/02/24 okumura, texjporg
LaTeX Info: Redefining \TeX on input line 94.
LaTeX Info: Redefining \LaTeX on input line 147.
LaTeX Info: Redefining \LaTeXe on input line 200.
)
\heisei=\count91
) (c:/texlive/2019/texmf-dist/tex/latex/amsmath/amsmath.sty
Package: amsmath 2018/12/01 v2.17b AMS math features
\@mathmargin=\skip44

For additional information on amsmath, use the `?' option.
(c:/texlive/2019/texmf-dist/tex/latex/amsmath/amstext.sty
Package: amstext 2000/06/29 v2.01 AMS text
 (c:/texlive/2019/texmf-dist/tex/latex/amsmath/amsgen.sty
File: amsgen.sty 1999/11/30 v2.0 generic functions
\@emptytoks=\toks15
\ex@=\dimen124
)) (c:/texlive/2019/texmf-dist/tex/latex/amsmath/amsbsy.sty
Package: amsbsy 1999/11/29 v1.2d Bold Symbols
\pmbraise@=\dimen125
) (c:/texlive/2019/texmf-dist/tex/latex/amsmath/amsopn.sty
Package: amsopn 2016/03/08 v2.02 operator names
)
\inf@bad=\count92
LaTeX Info: Redefining \frac on input line 223.
\uproot@=\count93
\leftroot@=\count94
LaTeX Info: Redefining \overline on input line 385.
\classnum@=\count95
\DOTSCASE@=\count96
LaTeX Info: Redefining \ldots on input line 482.
LaTeX Info: Redefining \dots on input line 485.
LaTeX Info: Redefining \cdots on input line 606.
\Mathstrutbox@=\box44
\strutbox@=\box45
\big@size=\dimen126
LaTeX Font Info:    Redeclaring font encoding OML on input line 729.
LaTeX Font Info:    Redeclaring font encoding OMS on input line 730.
\macc@depth=\count97
\c@MaxMatrixCols=\count98
\dotsspace@=\muskip10
\c@parentequation=\count99
\dspbrk@lvl=\count100
\tag@help=\toks16
\row@=\count101
\column@=\count102
\maxfields@=\count103
\andhelp@=\toks17
\eqnshift@=\dimen127
\alignsep@=\dimen128
\tagshift@=\dimen129
\tagwidth@=\dimen130
\totwidth@=\dimen131
\lineht@=\dimen132
\@envbody=\toks18
\multlinegap=\skip45
\multlinetaggap=\skip46
\mathdisplay@stack=\toks19
LaTeX Info: Redefining \[ on input line 2844.
LaTeX Info: Redefining \] on input line 2845.
) (c:/texlive/2019/texmf-dist/tex/latex/url/url.sty
\Urlmuskip=\muskip11
Package: url 2013/09/16  ver 3.4  Verb mode for urls, etc.
) (c:/texlive/2019/texmf-dist/tex/latex/graphics/graphicx.sty
Package: graphicx 2017/06/01 v1.1a Enhanced LaTeX Graphics (DPC,SPQR)
 (c:/texlive/2019/texmf-dist/tex/latex/graphics/keyval.sty
Package: keyval 2014/10/28 v1.15 key=value parser (DPC)
\KV@toks@=\toks20
) (c:/texlive/2019/texmf-dist/tex/latex/graphics/graphics.sty
Package: graphics 2017/06/25 v1.2c Standard LaTeX Graphics (DPC,SPQR)
 (c:/texlive/2019/texmf-dist/tex/latex/graphics/trig.sty
Package: trig 2016/01/03 v1.10 sin cos tan (DPC)
) (c:/texlive/2019/texmf-dist/tex/latex/graphics-cfg/graphics.cfg
File: graphics.cfg 2016/06/04 v1.11 sample graphics configuration
)
Package graphics Info: Driver file: dvips.def on input line 99.
 (c:/texlive/2019/texmf-dist/tex/latex/graphics-def/dvips.def
File: dvips.def 2017/06/20 v3.1d Graphics/color driver for dvips
))
\Gin@req@height=\dimen133
\Gin@req@width=\dimen134
) (c:/texlive/2019/texmf-dist/tex/latex/here/here.sty) (c:/texlive/2019/texmf-dist/tex/latex/float/float.sty
Package: float 2001/11/08 v1.3d Float enhancements (AL)
\c@float@type=\count104
\float@exts=\toks21
\float@box=\box46
\@float@everytoks=\toks22
\@floatcapt=\box47
) (c:/texlive/2019/texmf-dist/tex/latex/listings/listings.sty
\lst@mode=\count105
\lst@gtempboxa=\box48
\lst@token=\toks23
\lst@length=\count106
\lst@currlwidth=\dimen135
\lst@column=\count107
\lst@pos=\count108
\lst@lostspace=\dimen136
\lst@width=\dimen137
\lst@newlines=\count109
\lst@lineno=\count110
\lst@maxwidth=\dimen138
 (c:/texlive/2019/texmf-dist/tex/latex/listings/lstmisc.sty
File: lstmisc.sty 2019/02/27 1.8b (Carsten Heinz)
\c@lstnumber=\count111
\lst@skipnumbers=\count112
\lst@framebox=\box49
) (c:/texlive/2019/texmf-dist/tex/latex/listings/listings.cfg
File: listings.cfg 2019/02/27 1.8b listings configuration
))
Package: listings 2019/02/27 1.8b (Carsten Heinz)
 (./report4.aux)
\openout1 = `report4.aux'.

LaTeX Font Info:    Checking defaults for OML/cmm/m/it on input line 17.
LaTeX Font Info:    ... okay on input line 17.
LaTeX Font Info:    Checking defaults for T1/cmr/m/n on input line 17.
LaTeX Font Info:    ... okay on input line 17.
LaTeX Font Info:    Checking defaults for OT1/cmr/m/n on input line 17.
LaTeX Font Info:    ... okay on input line 17.
LaTeX Font Info:    Checking defaults for OMS/cmsy/m/n on input line 17.
LaTeX Font Info:    ... okay on input line 17.
LaTeX Font Info:    Checking defaults for OMX/cmex/m/n on input line 17.
LaTeX Font Info:    ... okay on input line 17.
LaTeX Font Info:    Checking defaults for U/cmr/m/n on input line 17.
LaTeX Font Info:    ... okay on input line 17.
LaTeX Font Info:    Checking defaults for JY1/mc/m/n on input line 17.
LaTeX Font Info:    ... okay on input line 17.
LaTeX Font Info:    Checking defaults for JT1/mc/m/n on input line 17.
LaTeX Font Info:    ... okay on input line 17.
\c@lstlisting=\count113
LaTeX Font Info:    Font shape `JT1/mc/m/n' will be
(Font)              scaled to size 19.9311pt on input line 21.
LaTeX Font Info:    Font shape `JY1/mc/m/n' will be
(Font)              scaled to size 19.9311pt on input line 21.
LaTeX Font Info:    Font shape `JT1/mc/m/n' will be
(Font)              scaled to size 11.53198pt on input line 32.
LaTeX Font Info:    Font shape `JY1/mc/m/n' will be
(Font)              scaled to size 11.53198pt on input line 32.
 [1

]
LaTeX Font Info:    Font shape `JT1/mc/m/n' will be
(Font)              scaled to size 13.83836pt on input line 39.
LaTeX Font Info:    Font shape `JY1/mc/m/n' will be
(Font)              scaled to size 13.83836pt on input line 39.
LaTeX Font Info:    Font shape `JT1/gt/m/n' will be
(Font)              scaled to size 13.83836pt on input line 39.
LaTeX Font Info:    Font shape `JY1/gt/m/n' will be
(Font)              scaled to size 13.83836pt on input line 39.
LaTeX Font Info:    Font shape `JT1/gt/m/n' will be
(Font)              scaled to size 11.53198pt on input line 40.
LaTeX Font Info:    Font shape `JY1/gt/m/n' will be
(Font)              scaled to size 11.53198pt on input line 40.
LaTeX Font Info:    Font shape `JT1/gt/m/n' will be
(Font)              scaled to size 9.60999pt on input line 41.
LaTeX Font Info:    Font shape `JY1/gt/m/n' will be
(Font)              scaled to size 9.60999pt on input line 41.
LaTeX Font Info:    Font shape `JY1/mc/m/n' will be
(Font)              scaled to size 6.72699pt on input line 43.
LaTeX Font Info:    Font shape `JY1/mc/m/n' will be
(Font)              scaled to size 4.805pt on input line 43.
File: ex1_dif.png Graphic file (type eps)
 <ex1_dif.png>
Overfull \hbox (48.77827pt too wide) in paragraph at lines 54--55
 [][] 
 []

LaTeX Font Info:    Font shape `JT1/mc/m/n' will be
(Font)              scaled to size 8.64899pt on input line 55.
LaTeX Font Info:    Font shape `JY1/mc/m/n' will be
(Font)              scaled to size 8.64899pt on input line 55.
[1] [2]
File: ex1_dif.ps Graphic file (type eps)
 <ex1_dif.ps>
Overfull \hbox (47.20119pt too wide) in paragraph at lines 69--72
[]  []
 []

LaTeX Font Info:    Font shape `JY1/mc/m/n' will be
(Font)              scaled to size 5.76599pt on input line 72.
[3]
File: ex1_integral.png Graphic file (type eps)
 <ex1_integral.png>
Overfull \hbox (48.77827pt too wide) in paragraph at lines 89--90
 [][] 
 []

[4]
File: ex1_integral.ps Graphic file (type eps)
 <ex1_integral.ps>
Overfull \hbox (47.20119pt too wide) in paragraph at lines 103--106
[]  []
 []

[5]
File: ex2_1.png Graphic file (type eps)
 <ex2_1.png>
Overfull \hbox (48.77827pt too wide) in paragraph at lines 122--123
 [][] 
 []

[6]
File: ex2_1.ps Graphic file (type eps)
 <ex2_1.ps>
Overfull \hbox (47.20119pt too wide) in paragraph at lines 132--135
[]  []
 []

[7]
File: ex2_2_inv.png Graphic file (type eps)
 <ex2_2_inv.png>
Overfull \hbox (48.77827pt too wide) in paragraph at lines 144--145
 [][] 
 []

[8]
File: ex2_2_inv.ps Graphic file (type eps)
 <ex2_2_inv.ps>
Overfull \hbox (47.20119pt too wide) in paragraph at lines 153--156
[]  []
 []

[9]
File: ex2_2_double_inv.png Graphic file (type eps)
 <ex2_2_double_inv.png>
Overfull \hbox (48.77827pt too wide) in paragraph at lines 162--163
 [][] 
 []

[10]
File: ex2_2_double_inv.ps Graphic file (type eps)
 <ex2_2_double_inv.ps>
Overfull \hbox (47.20119pt too wide) in paragraph at lines 171--174
[]  []
 []

[11]
File: ex2_2_triple_inv.png Graphic file (type eps)
 <ex2_2_triple_inv.png>
Overfull \hbox (48.77827pt too wide) in paragraph at lines 181--182
 [][] 
 []

[12]
File: ex2_2_triple_inv.ps Graphic file (type eps)
 <ex2_2_triple_inv.ps>
Overfull \hbox (47.20119pt too wide) in paragraph at lines 190--193
[]  []
 []

[13]
File: ex2_2_inv.png Graphic file (type eps)
 <ex2_2_inv.png>
Overfull \hbox (48.77827pt too wide) in paragraph at lines 199--200
 [][] 
 []

[14]
File: ex2_2_invp2.ps Graphic file (type eps)
 <ex2_2_invp2.ps>
Overfull \hbox (47.20119pt too wide) in paragraph at lines 208--211
[]  []
 []

[15]
File: ex2_2_inv.png Graphic file (type eps)
 <ex2_2_inv.png>
Overfull \hbox (48.77827pt too wide) in paragraph at lines 217--218
 [][] 
 []

[16]
File: ex2_2_invp4.ps Graphic file (type eps)
 <ex2_2_invp4.ps>
Overfull \hbox (47.20119pt too wide) in paragraph at lines 226--229
[]  []
 []

[17]
File: ex2_2_inv.png Graphic file (type eps)
 <ex2_2_inv.png>
Overfull \hbox (48.77827pt too wide) in paragraph at lines 235--236
 [][] 
 []

[18]
File: ex2_2_invp8.ps Graphic file (type eps)
 <ex2_2_invp8.ps>
Overfull \hbox (47.20119pt too wide) in paragraph at lines 244--247
[]  []
 []

[19]
File: ex2_2_nand.png Graphic file (type eps)
 <ex2_2_nand.png>
Overfull \hbox (48.77827pt too wide) in paragraph at lines 253--254
 [][] 
 []

[20]
File: ex2_2_nand.ps Graphic file (type eps)
 <ex2_2_nand.ps>
Overfull \hbox (47.20119pt too wide) in paragraph at lines 262--265
[]  []
 []

[21] [22]
File: ex3_nand_not.png Graphic file (type eps)
 <ex3_nand_not.png>
Overfull \hbox (48.77827pt too wide) in paragraph at lines 328--329
 [][] 
 []

[23] [24]
File: ex3.ps Graphic file (type eps)
 <ex3.ps>
Overfull \hbox (47.20119pt too wide) in paragraph at lines 346--349
[]  []
 []

[25]
File: ex3_nand_nand_nor.png Graphic file (type eps)
 <ex3_nand_nand_nor.png>
Overfull \hbox (48.77827pt too wide) in paragraph at lines 360--361
 [][] 
 []

[26]
File: ex3_2.ps Graphic file (type eps)
 <ex3_2.ps>
Overfull \hbox (47.20119pt too wide) in paragraph at lines 378--381
[]  []
 []

[27]
File: ex3_nand_not.png Graphic file (type eps)
 <ex3_nand_not.png>
Overfull \hbox (48.77827pt too wide) in paragraph at lines 390--391
 [][] 
 []

[28]
File: ex3_double.ps Graphic file (type eps)
 <ex3_double.ps>
Overfull \hbox (47.20119pt too wide) in paragraph at lines 407--410
[]  []
 []

[29]
File: ex3_nand_not.png Graphic file (type eps)
 <ex3_nand_not.png>
Overfull \hbox (48.77827pt too wide) in paragraph at lines 419--420
 [][] 
 []

[30]
File: ex3_double_inv.ps Graphic file (type eps)
 <ex3_double_inv.ps>
Overfull \hbox (47.20119pt too wide) in paragraph at lines 436--439
[]  []
 []

[31]
File: ex3_nand_nand_nor.png Graphic file (type eps)
 <ex3_nand_nand_nor.png>
Overfull \hbox (48.77827pt too wide) in paragraph at lines 448--449
 [][] 
 []

[32]
File: ex3_2_double_nor.ps Graphic file (type eps)
 <ex3_2_double_nor.ps>
Overfull \hbox (47.20119pt too wide) in paragraph at lines 465--468
[]  []
 []

[33] [34]
LaTeX Font Info:    Font shape `JT1/gt/m/n' will be
(Font)              scaled to size 8.64899pt on input line 488.
LaTeX Font Info:    Font shape `JY1/gt/m/n' will be
(Font)              scaled to size 8.64899pt on input line 488.
 [35] [36] [37] [38] [39] [40] [41] [42] [43] [44] [45] [46] [47] (./report4.aux) ) 
Here is how much of TeX's memory you used:
 3221 strings out of 493230
 40357 string characters out of 6147554
 287814 words of memory out of 5000000
 7192 multiletter control sequences out of 15000+600000
 15607 words of font info for 72 fonts, out of 8000000 for 9000
 934 hyphenation exceptions out of 8191
 27i,10n,32p,809b,1710s stack positions out of 5000i,500n,10000p,200000b,80000s

Output written on report4.dvi (48 pages, 124628 bytes).
